This file contains any messages produced by compilers while
running configure, to aid debugging if configure makes a mistake.

It was created by crosstool-NG configure crosstool-ng-1.23.0-288-gadaa3a5-dirty, which was
generated by GNU Autoconf 2.69.  Invocation command line was

  $ ./configure 

## --------- ##
## Platform. ##
## --------- ##

hostname = localhost
uname -m = armv7l
uname -r = 3.4.67
uname -s = Linux
uname -v = #1 SMP PREEMPT Thu Mar 26 10:21:07 CST 2015

/usr/bin/uname -p = unknown
/bin/uname -X     = unknown

/bin/arch              = unknown
/usr/bin/arch -k       = unknown
/usr/convex/getsysinfo = unknown
/usr/bin/hostinfo      = unknown
/bin/machine           = unknown
/usr/bin/oslevel       = unknown
/bin/universe          = unknown

PATH: /usr/local/sbin
PATH: /usr/local/bin
PATH: /usr/sbin
PATH: /usr/bin
PATH: /sbin
PATH: /bin
PATH: /usr/local/games
PATH: /usr/games


## ----------- ##
## Core tests. ##
## ----------- ##

configure:2505: checking build system type
configure:2519: result: armv7l-unknown-linux-gnueabihf
configure:2539: checking host system type
configure:2552: result: armv7l-unknown-linux-gnueabihf
configure:2615: checking for a BSD-compatible install
configure:2683: result: /usr/bin/install -c
configure:2762: checking for ggrep
configure:2792: result: no
configure:2762: checking for grep
configure:2778: found /bin/grep
configure:2789: result: grep
configure:2821: checking for absolute path to grep
configure:2824: result: /bin/grep
configure:2886: checking for gegrep
configure:2916: result: no
configure:2886: checking for egrep
configure:2902: found /bin/egrep
configure:2913: result: egrep
configure:2945: checking for absolute path to egrep
configure:2948: result: /bin/egrep
configure:2953: checking for grep that handles long lines and -e
configure:3011: result: /bin/grep
configure:3016: checking for egrep
configure:3078: result: /bin/grep -E
configure:3099: checking for sed
configure:3132: result: /bin/sed
configure:3138: checking for GNU sed >= 4.0
configure:3141: result: yes
configure:3170: checking whether ln -s works
configure:3174: result: yes
configure:3234: checking for gcc
configure:3250: found /usr/bin/gcc
configure:3261: result: gcc
configure:3490: checking for C compiler version
configure:3499: gcc --version >&5
gcc (Debian 4.9.2-10) 4.9.2
Copyright (C) 2014 Free Software Foundation, Inc.
This is free software; see the source for copying conditions.  There is NO
warranty; not even for MERCHANTABILITY or FITNESS FOR A PARTICULAR PURPOSE.

configure:3510: $? = 0
configure:3499: gcc -v >&5
Using built-in specs.
COLLECT_GCC=gcc
COLLECT_LTO_WRAPPER=/usr/lib/gcc/arm-linux-gnueabihf/4.9/lto-wrapper
Target: arm-linux-gnueabihf
Configured with: ../src/configure -v --with-pkgversion='Debian 4.9.2-10' --with-bugurl=file:///usr/share/doc/gcc-4.9/README.Bugs --enable-languages=c,c++,java,go,d,fortran,objc,obj-c++ --prefix=/usr --program-suffix=-4.9 --enable-shared --enable-linker-build-id --libexecdir=/usr/lib --without-included-gettext --enable-threads=posix --with-gxx-include-dir=/usr/include/c++/4.9 --libdir=/usr/lib --enable-nls --with-sysroot=/ --enable-clocale=gnu --enable-libstdcxx-debug --enable-libstdcxx-time=yes --enable-gnu-unique-object --disable-libitm --disable-libquadmath --enable-plugin --with-system-zlib --disable-browser-plugin --enable-java-awt=gtk --enable-gtk-cairo --with-java-home=/usr/lib/jvm/java-1.5.0-gcj-4.9-armhf/jre --enable-java-home --with-jvm-root-dir=/usr/lib/jvm/java-1.5.0-gcj-4.9-armhf --with-jvm-jar-dir=/usr/lib/jvm-exports/java-1.5.0-gcj-4.9-armhf --with-arch-directory=arm --with-ecj-jar=/usr/share/java/eclipse-ecj.jar --enable-objc-gc --enable-multiarch --disable-sjlj-exceptions --with-arch=armv7-a --with-fpu=vfpv3-d16 --with-float=hard --with-mode=thumb --enable-checking=release --build=arm-linux-gnueabihf --host=arm-linux-gnueabihf --target=arm-linux-gnueabihf
Thread model: posix
gcc version 4.9.2 (Debian 4.9.2-10) 
configure:3510: $? = 0
configure:3499: gcc -V >&5
gcc: error: unrecognized command line option '-V'
gcc: fatal error: no input files
compilation terminated.
configure:3510: $? = 4
configure:3499: gcc -qversion >&5
gcc: error: unrecognized command line option '-qversion'
gcc: fatal error: no input files
compilation terminated.
configure:3510: $? = 4
configure:3530: checking whether the C compiler works
configure:3552: gcc    conftest.c  >&5
configure:3556: $? = 0
configure:3604: result: yes
configure:3607: checking for C compiler default output file name
configure:3609: result: a.out
configure:3615: checking for suffix of executables
configure:3622: gcc -o conftest    conftest.c  >&5
configure:3626: $? = 0
configure:3648: result: 
configure:3670: checking whether we are cross compiling
configure:3678: gcc -o conftest    conftest.c  >&5
configure:3682: $? = 0
configure:3689: ./conftest
configure:3693: $? = 0
configure:3708: result: no
configure:3713: checking for suffix of object files
configure:3735: gcc -c   conftest.c >&5
configure:3739: $? = 0
configure:3760: result: o
configure:3764: checking whether we are using the GNU C compiler
configure:3783: gcc -c   conftest.c >&5
configure:3783: $? = 0
configure:3792: result: yes
configure:3801: checking whether gcc accepts -g
configure:3821: gcc -c -g  conftest.c >&5
configure:3821: $? = 0
configure:3862: result: yes
configure:3879: checking for gcc option to accept ISO C89
configure:3942: gcc  -c -g -O2  conftest.c >&5
configure:3942: $? = 0
configure:3955: result: none needed
configure:4033: checking for g++
configure:4049: found /usr/bin/g++
configure:4060: result: g++
configure:4087: checking for C++ compiler version
configure:4096: g++ --version >&5
g++ (Debian 4.9.2-10) 4.9.2
Copyright (C) 2014 Free Software Foundation, Inc.
This is free software; see the source for copying conditions.  There is NO
warranty; not even for MERCHANTABILITY or FITNESS FOR A PARTICULAR PURPOSE.

configure:4107: $? = 0
configure:4096: g++ -v >&5
Using built-in specs.
COLLECT_GCC=g++
COLLECT_LTO_WRAPPER=/usr/lib/gcc/arm-linux-gnueabihf/4.9/lto-wrapper
Target: arm-linux-gnueabihf
Configured with: ../src/configure -v --with-pkgversion='Debian 4.9.2-10' --with-bugurl=file:///usr/share/doc/gcc-4.9/README.Bugs --enable-languages=c,c++,java,go,d,fortran,objc,obj-c++ --prefix=/usr --program-suffix=-4.9 --enable-shared --enable-linker-build-id --libexecdir=/usr/lib --without-included-gettext --enable-threads=posix --with-gxx-include-dir=/usr/include/c++/4.9 --libdir=/usr/lib --enable-nls --with-sysroot=/ --enable-clocale=gnu --enable-libstdcxx-debug --enable-libstdcxx-time=yes --enable-gnu-unique-object --disable-libitm --disable-libquadmath --enable-plugin --with-system-zlib --disable-browser-plugin --enable-java-awt=gtk --enable-gtk-cairo --with-java-home=/usr/lib/jvm/java-1.5.0-gcj-4.9-armhf/jre --enable-java-home --with-jvm-root-dir=/usr/lib/jvm/java-1.5.0-gcj-4.9-armhf --with-jvm-jar-dir=/usr/lib/jvm-exports/java-1.5.0-gcj-4.9-armhf --with-arch-directory=arm --with-ecj-jar=/usr/share/java/eclipse-ecj.jar --enable-objc-gc --enable-multiarch --disable-sjlj-exceptions --with-arch=armv7-a --with-fpu=vfpv3-d16 --with-float=hard --with-mode=thumb --enable-checking=release --build=arm-linux-gnueabihf --host=arm-linux-gnueabihf --target=arm-linux-gnueabihf
Thread model: posix
gcc version 4.9.2 (Debian 4.9.2-10) 
configure:4107: $? = 0
configure:4096: g++ -V >&5
g++: error: unrecognized command line option '-V'
g++: fatal error: no input files
compilation terminated.
configure:4107: $? = 4
configure:4096: g++ -qversion >&5
g++: error: unrecognized command line option '-qversion'
g++: fatal error: no input files
compilation terminated.
configure:4107: $? = 4
configure:4111: checking whether we are using the GNU C++ compiler
configure:4130: g++ -c   conftest.cpp >&5
configure:4130: $? = 0
configure:4139: result: yes
configure:4148: checking whether g++ accepts -g
configure:4168: g++ -c -g  conftest.cpp >&5
configure:4168: $? = 0
configure:4209: result: yes
configure:4240: checking how to run the C preprocessor
configure:4271: gcc -E  conftest.c
configure:4271: $? = 0
configure:4285: gcc -E  conftest.c
conftest.c:9:28: fatal error: ac_nonexistent.h: No such file or directory
 #include <ac_nonexistent.h>
                            ^
compilation terminated.
configure:4285: $? = 1
configure: failed program was:
| /* confdefs.h */
| #define PACKAGE_NAME "crosstool-NG"
| #define PACKAGE_TARNAME "crosstool-ng"
| #define PACKAGE_VERSION "crosstool-ng-1.23.0-288-gadaa3a5-dirty"
| #define PACKAGE_STRING "crosstool-NG crosstool-ng-1.23.0-288-gadaa3a5-dirty"
| #define PACKAGE_BUGREPORT "crossgcc@sourceware.org"
| #define PACKAGE_URL ""
| /* end confdefs.h.  */
| #include <ac_nonexistent.h>
configure:4310: result: gcc -E
configure:4330: gcc -E  conftest.c
configure:4330: $? = 0
configure:4344: gcc -E  conftest.c
conftest.c:9:28: fatal error: ac_nonexistent.h: No such file or directory
 #include <ac_nonexistent.h>
                            ^
compilation terminated.
configure:4344: $? = 1
configure: failed program was:
| /* confdefs.h */
| #define PACKAGE_NAME "crosstool-NG"
| #define PACKAGE_TARNAME "crosstool-ng"
| #define PACKAGE_VERSION "crosstool-ng-1.23.0-288-gadaa3a5-dirty"
| #define PACKAGE_STRING "crosstool-NG crosstool-ng-1.23.0-288-gadaa3a5-dirty"
| #define PACKAGE_BUGREPORT "crossgcc@sourceware.org"
| #define PACKAGE_URL ""
| /* end confdefs.h.  */
| #include <ac_nonexistent.h>
configure:4375: checking if gcc can static link
configure:4381: result: yes
configure:4439: checking for ranlib
configure:4455: found /usr/bin/ranlib
configure:4466: result: ranlib
configure:4545: checking for gobjcopy
configure:4575: result: no
configure:4545: checking for objcopy
configure:4561: found /usr/bin/objcopy
configure:4572: result: objcopy
configure:4604: checking for absolute path to objcopy
configure:4607: result: /usr/bin/objcopy
configure:4669: checking for gobjdump
configure:4699: result: no
configure:4669: checking for objdump
configure:4685: found /usr/bin/objdump
configure:4696: result: objdump
configure:4728: checking for absolute path to objdump
configure:4731: result: /usr/bin/objdump
configure:4793: checking for greadelf
configure:4823: result: no
configure:4793: checking for readelf
configure:4809: found /usr/bin/readelf
configure:4820: result: readelf
configure:4852: checking for absolute path to readelf
configure:4855: result: /usr/bin/readelf
configure:4917: checking for gperf
configure:4933: found /usr/bin/gperf
configure:4944: result: gperf
configure:4976: checking for absolute path to gperf
configure:4979: result: /usr/bin/gperf
configure:4989: checking for bison
configure:5005: found /usr/bin/bison
configure:5016: result: bison
configure:5035: checking for flex
configure:5051: found /usr/bin/flex
configure:5062: result: flex
configure:5081: checking for makeinfo
configure:5097: found /usr/bin/makeinfo
configure:5108: result: makeinfo
configure:5127: checking for cut
configure:5143: found /usr/bin/cut
configure:5154: result: cut
configure:5173: checking for readlink
configure:5189: found /bin/readlink
configure:5200: result: readlink
configure:5219: checking for tar
configure:5235: found /bin/tar
configure:5246: result: tar
configure:5265: checking for gzip
configure:5281: found /bin/gzip
configure:5292: result: gzip
configure:5311: checking for bzip2
configure:5327: found /bin/bzip2
configure:5338: result: bzip2
configure:5357: checking for xz
configure:5373: found /usr/bin/xz
configure:5384: result: xz
configure:5403: checking for help2man
configure:5419: found /usr/bin/help2man
configure:5430: result: help2man
configure:5452: checking for wget
configure:5468: found /usr/bin/wget
configure:5479: result: wget
configure:5503: checking for curl
configure:5533: result: no
configure:5554: checking for stat
configure:5570: found /usr/bin/stat
configure:5581: result: stat
configure:5596: checking whether stat takes GNU or BSD format
configure:5614: result: GNU
configure:5637: checking whether to use getconf or sysctl to count CPUs
configure:5647: result: getconf _NPROCESSORS_ONLN
configure:5712: checking for gpatch
configure:5742: result: no
configure:5712: checking for patch
configure:5728: found /usr/bin/patch
configure:5739: result: patch
configure:5771: checking for absolute path to patch
configure:5774: result: /usr/bin/patch
configure:5796: checking for bash
configure:5829: result: /bin/bash
configure:5835: checking for GNU bash >= 3.1
configure:5838: result: yes
configure:5879: checking for awk
configure:5912: result: /usr/bin/gawk
configure:5918: checking for GNU awk
configure:5921: result: yes
configure:5968: checking for make
configure:6001: result: /usr/bin/make
configure:6007: checking for GNU make >= 3.81
configure:6010: result: yes
configure:6051: checking for libtool
configure:6084: result: 
configure:6090: checking for GNU libtool >= 2.4
configure:6096: result: no
configure:6129: checking for libtoolize
configure:6162: result: /usr/bin/libtoolize
configure:6168: checking for GNU libtoolize >= 2.4
configure:6171: result: yes
configure:6207: checking for autoconf
configure:6240: result: /usr/bin/autoconf
configure:6246: checking for GNU autoconf >= 2.65
configure:6249: result: yes
configure:6285: checking for autoreconf
configure:6318: result: /usr/bin/autoreconf
configure:6324: checking for GNU autoreconf >= 2.63
configure:6327: result: yes
configure:6363: checking for automake
configure:6396: result: /usr/bin/automake
configure:6402: checking for GNU automake >= 1.15
configure:6408: result: no
configure:6441: checking for m4
configure:6474: result: /usr/bin/m4
configure:6480: checking for GNU m4 >= 1.4.12
configure:6483: result: yes
configure:6509: checking for the type used in gperf declarations
configure:6515: result: size_t
configure:6538: checking for cvs
configure:6568: result: no
configure:6589: checking for svn
configure:6619: result: no
configure:6639: checking for git
configure:6655: found /usr/bin/git
configure:6666: result: git
configure:6689: checking for dpkg-buildflags
configure:6705: found /usr/bin/dpkg-buildflags
configure:6716: result: dpkg-buildflags
configure:6732: checking for inline
configure:6748: gcc -c -g -O2  conftest.c >&5
configure:6748: $? = 0
configure:6756: result: inline
configure:6775: checking for ANSI C header files
configure:6795: gcc -c -g -O2  conftest.c >&5
configure:6795: $? = 0
configure:6868: gcc -o conftest -g -O2   conftest.c  >&5
configure:6868: $? = 0
configure:6868: ./conftest
configure:6868: $? = 0
configure:6879: result: yes
configure:6892: checking for sys/types.h
configure:6892: gcc -c -g -O2  conftest.c >&5
configure:6892: $? = 0
configure:6892: result: yes
configure:6892: checking for sys/stat.h
configure:6892: gcc -c -g -O2  conftest.c >&5
configure:6892: $? = 0
configure:6892: result: yes
configure:6892: checking for stdlib.h
configure:6892: gcc -c -g -O2  conftest.c >&5
configure:6892: $? = 0
configure:6892: result: yes
configure:6892: checking for string.h
configure:6892: gcc -c -g -O2  conftest.c >&5
configure:6892: $? = 0
configure:6892: result: yes
configure:6892: checking for memory.h
configure:6892: gcc -c -g -O2  conftest.c >&5
configure:6892: $? = 0
configure:6892: result: yes
configure:6892: checking for strings.h
configure:6892: gcc -c -g -O2  conftest.c >&5
configure:6892: $? = 0
configure:6892: result: yes
configure:6892: checking for inttypes.h
configure:6892: gcc -c -g -O2  conftest.c >&5
configure:6892: $? = 0
configure:6892: result: yes
configure:6892: checking for stdint.h
configure:6892: gcc -c -g -O2  conftest.c >&5
configure:6892: $? = 0
configure:6892: result: yes
configure:6892: checking for unistd.h
configure:6892: gcc -c -g -O2  conftest.c >&5
configure:6892: $? = 0
configure:6892: result: yes
configure:6906: checking for stdlib.h
configure:6906: result: yes
configure:6916: checking for GNU libc compatible malloc
configure:6940: gcc -o conftest -g -O2   conftest.c  >&5
configure:6940: $? = 0
configure:6940: ./conftest
configure:6940: $? = 0
configure:6950: result: yes
configure:6973: checking for stdlib.h
configure:6973: result: yes
configure:6983: checking for GNU libc compatible realloc
configure:7007: gcc -o conftest -g -O2   conftest.c  >&5
configure:7007: $? = 0
configure:7007: ./conftest
configure:7007: $? = 0
configure:7017: result: yes
configure:7038: checking for size_t
configure:7038: gcc -c -g -O2  conftest.c >&5
configure:7038: $? = 0
configure:7038: gcc -c -g -O2  conftest.c >&5
conftest.c: In function 'main':
conftest.c:59:21: error: expected expression before ')' token
 if (sizeof ((size_t)))
                     ^
configure:7038: $? = 1
configure: failed program was:
| /* confdefs.h */
| #define PACKAGE_NAME "crosstool-NG"
| #define PACKAGE_TARNAME "crosstool-ng"
| #define PACKAGE_VERSION "crosstool-ng-1.23.0-288-gadaa3a5-dirty"
| #define PACKAGE_STRING "crosstool-NG crosstool-ng-1.23.0-288-gadaa3a5-dirty"
| #define PACKAGE_BUGREPORT "crossgcc@sourceware.org"
| #define PACKAGE_URL ""
| #define STDC_HEADERS 1
| #define HAVE_SYS_TYPES_H 1
| #define HAVE_SYS_STAT_H 1
| #define HAVE_STDLIB_H 1
| #define HAVE_STRING_H 1
| #define HAVE_MEMORY_H 1
| #define HAVE_STRINGS_H 1
| #define HAVE_INTTYPES_H 1
| #define HAVE_STDINT_H 1
| #define HAVE_UNISTD_H 1
| #define HAVE_STDLIB_H 1
| #define HAVE_MALLOC 1
| #define HAVE_STDLIB_H 1
| #define HAVE_REALLOC 1
| /* end confdefs.h.  */
| #include <stdio.h>
| #ifdef HAVE_SYS_TYPES_H
| # include <sys/types.h>
| #endif
| #ifdef HAVE_SYS_STAT_H
| # include <sys/stat.h>
| #endif
| #ifdef STDC_HEADERS
| # include <stdlib.h>
| # include <stddef.h>
| #else
| # ifdef HAVE_STDLIB_H
| #  include <stdlib.h>
| # endif
| #endif
| #ifdef HAVE_STRING_H
| # if !defined STDC_HEADERS && defined HAVE_MEMORY_H
| #  include <memory.h>
| # endif
| # include <string.h>
| #endif
| #ifdef HAVE_STRINGS_H
| # include <strings.h>
| #endif
| #ifdef HAVE_INTTYPES_H
| # include <inttypes.h>
| #endif
| #ifdef HAVE_STDINT_H
| # include <stdint.h>
| #endif
| #ifdef HAVE_UNISTD_H
| # include <unistd.h>
| #endif
| int
| main ()
| {
| if (sizeof ((size_t)))
| 	    return 0;
|   ;
|   return 0;
| }
configure:7038: result: yes
configure:7051: checking for working alloca.h
configure:7068: gcc -o conftest -g -O2   conftest.c  >&5
configure:7068: $? = 0
configure:7076: result: yes
configure:7084: checking for alloca
configure:7121: gcc -o conftest -g -O2   conftest.c  >&5
configure:7121: $? = 0
configure:7129: result: yes
configure:7241: checking libintl.h usability
configure:7241: gcc -c -g -O2  conftest.c >&5
configure:7241: $? = 0
configure:7241: result: yes
configure:7241: checking libintl.h presence
configure:7241: gcc -E  conftest.c
configure:7241: $? = 0
configure:7241: result: yes
configure:7241: checking for libintl.h
configure:7241: result: yes
configure:7252: checking whether gettext is declared
configure:7252: gcc -c -g -O2  conftest.c >&5
configure:7252: $? = 0
configure:7252: result: yes
configure:7261: checking for library containing bindtextdomain
configure:7292: gcc -o conftest -g -O2   conftest.c  >&5
configure:7292: $? = 0
configure:7309: result: none required
configure:7326: checking ncurses/ncurses.h usability
configure:7326: gcc -c -g -O2  conftest.c >&5
conftest.c:59:29: fatal error: ncurses/ncurses.h: No such file or directory
 #include <ncurses/ncurses.h>
                             ^
compilation terminated.
configure:7326: $? = 1
configure: failed program was:
| /* confdefs.h */
| #define PACKAGE_NAME "crosstool-NG"
| #define PACKAGE_TARNAME "crosstool-ng"
| #define PACKAGE_VERSION "crosstool-ng-1.23.0-288-gadaa3a5-dirty"
| #define PACKAGE_STRING "crosstool-NG crosstool-ng-1.23.0-288-gadaa3a5-dirty"
| #define PACKAGE_BUGREPORT "crossgcc@sourceware.org"
| #define PACKAGE_URL ""
| #define STDC_HEADERS 1
| #define HAVE_SYS_TYPES_H 1
| #define HAVE_SYS_STAT_H 1
| #define HAVE_STDLIB_H 1
| #define HAVE_STRING_H 1
| #define HAVE_MEMORY_H 1
| #define HAVE_STRINGS_H 1
| #define HAVE_INTTYPES_H 1
| #define HAVE_STDINT_H 1
| #define HAVE_UNISTD_H 1
| #define HAVE_STDLIB_H 1
| #define HAVE_MALLOC 1
| #define HAVE_STDLIB_H 1
| #define HAVE_REALLOC 1
| #define HAVE_ALLOCA_H 1
| #define HAVE_ALLOCA 1
| #define HAVE_LIBINTL_H 1
| /* end confdefs.h.  */
| #include <stdio.h>
| #ifdef HAVE_SYS_TYPES_H
| # include <sys/types.h>
| #endif
| #ifdef HAVE_SYS_STAT_H
| # include <sys/stat.h>
| #endif
| #ifdef STDC_HEADERS
| # include <stdlib.h>
| # include <stddef.h>
| #else
| # ifdef HAVE_STDLIB_H
| #  include <stdlib.h>
| # endif
| #endif
| #ifdef HAVE_STRING_H
| # if !defined STDC_HEADERS && defined HAVE_MEMORY_H
| #  include <memory.h>
| # endif
| # include <string.h>
| #endif
| #ifdef HAVE_STRINGS_H
| # include <strings.h>
| #endif
| #ifdef HAVE_INTTYPES_H
| # include <inttypes.h>
| #endif
| #ifdef HAVE_STDINT_H
| # include <stdint.h>
| #endif
| #ifdef HAVE_UNISTD_H
| # include <unistd.h>
| #endif
| #include <ncurses/ncurses.h>
configure:7326: result: no
configure:7326: checking ncurses/ncurses.h presence
configure:7326: gcc -E  conftest.c
conftest.c:26:29: fatal error: ncurses/ncurses.h: No such file or directory
 #include <ncurses/ncurses.h>
                             ^
compilation terminated.
configure:7326: $? = 1
configure: failed program was:
| /* confdefs.h */
| #define PACKAGE_NAME "crosstool-NG"
| #define PACKAGE_TARNAME "crosstool-ng"
| #define PACKAGE_VERSION "crosstool-ng-1.23.0-288-gadaa3a5-dirty"
| #define PACKAGE_STRING "crosstool-NG crosstool-ng-1.23.0-288-gadaa3a5-dirty"
| #define PACKAGE_BUGREPORT "crossgcc@sourceware.org"
| #define PACKAGE_URL ""
| #define STDC_HEADERS 1
| #define HAVE_SYS_TYPES_H 1
| #define HAVE_SYS_STAT_H 1
| #define HAVE_STDLIB_H 1
| #define HAVE_STRING_H 1
| #define HAVE_MEMORY_H 1
| #define HAVE_STRINGS_H 1
| #define HAVE_INTTYPES_H 1
| #define HAVE_STDINT_H 1
| #define HAVE_UNISTD_H 1
| #define HAVE_STDLIB_H 1
| #define HAVE_MALLOC 1
| #define HAVE_STDLIB_H 1
| #define HAVE_REALLOC 1
| #define HAVE_ALLOCA_H 1
| #define HAVE_ALLOCA 1
| #define HAVE_LIBINTL_H 1
| /* end confdefs.h.  */
| #include <ncurses/ncurses.h>
configure:7326: result: no
configure:7326: checking for ncurses/ncurses.h
configure:7326: result: no
configure:7326: checking ncurses/curses.h usability
configure:7326: gcc -c -g -O2  conftest.c >&5
conftest.c:59:28: fatal error: ncurses/curses.h: No such file or directory
 #include <ncurses/curses.h>
                            ^
compilation terminated.
configure:7326: $? = 1
configure: failed program was:
| /* confdefs.h */
| #define PACKAGE_NAME "crosstool-NG"
| #define PACKAGE_TARNAME "crosstool-ng"
| #define PACKAGE_VERSION "crosstool-ng-1.23.0-288-gadaa3a5-dirty"
| #define PACKAGE_STRING "crosstool-NG crosstool-ng-1.23.0-288-gadaa3a5-dirty"
| #define PACKAGE_BUGREPORT "crossgcc@sourceware.org"
| #define PACKAGE_URL ""
| #define STDC_HEADERS 1
| #define HAVE_SYS_TYPES_H 1
| #define HAVE_SYS_STAT_H 1
| #define HAVE_STDLIB_H 1
| #define HAVE_STRING_H 1
| #define HAVE_MEMORY_H 1
| #define HAVE_STRINGS_H 1
| #define HAVE_INTTYPES_H 1
| #define HAVE_STDINT_H 1
| #define HAVE_UNISTD_H 1
| #define HAVE_STDLIB_H 1
| #define HAVE_MALLOC 1
| #define HAVE_STDLIB_H 1
| #define HAVE_REALLOC 1
| #define HAVE_ALLOCA_H 1
| #define HAVE_ALLOCA 1
| #define HAVE_LIBINTL_H 1
| /* end confdefs.h.  */
| #include <stdio.h>
| #ifdef HAVE_SYS_TYPES_H
| # include <sys/types.h>
| #endif
| #ifdef HAVE_SYS_STAT_H
| # include <sys/stat.h>
| #endif
| #ifdef STDC_HEADERS
| # include <stdlib.h>
| # include <stddef.h>
| #else
| # ifdef HAVE_STDLIB_H
| #  include <stdlib.h>
| # endif
| #endif
| #ifdef HAVE_STRING_H
| # if !defined STDC_HEADERS && defined HAVE_MEMORY_H
| #  include <memory.h>
| # endif
| # include <string.h>
| #endif
| #ifdef HAVE_STRINGS_H
| # include <strings.h>
| #endif
| #ifdef HAVE_INTTYPES_H
| # include <inttypes.h>
| #endif
| #ifdef HAVE_STDINT_H
| # include <stdint.h>
| #endif
| #ifdef HAVE_UNISTD_H
| # include <unistd.h>
| #endif
| #include <ncurses/curses.h>
configure:7326: result: no
configure:7326: checking ncurses/curses.h presence
configure:7326: gcc -E  conftest.c
conftest.c:26:28: fatal error: ncurses/curses.h: No such file or directory
 #include <ncurses/curses.h>
                            ^
compilation terminated.
configure:7326: $? = 1
configure: failed program was:
| /* confdefs.h */
| #define PACKAGE_NAME "crosstool-NG"
| #define PACKAGE_TARNAME "crosstool-ng"
| #define PACKAGE_VERSION "crosstool-ng-1.23.0-288-gadaa3a5-dirty"
| #define PACKAGE_STRING "crosstool-NG crosstool-ng-1.23.0-288-gadaa3a5-dirty"
| #define PACKAGE_BUGREPORT "crossgcc@sourceware.org"
| #define PACKAGE_URL ""
| #define STDC_HEADERS 1
| #define HAVE_SYS_TYPES_H 1
| #define HAVE_SYS_STAT_H 1
| #define HAVE_STDLIB_H 1
| #define HAVE_STRING_H 1
| #define HAVE_MEMORY_H 1
| #define HAVE_STRINGS_H 1
| #define HAVE_INTTYPES_H 1
| #define HAVE_STDINT_H 1
| #define HAVE_UNISTD_H 1
| #define HAVE_STDLIB_H 1
| #define HAVE_MALLOC 1
| #define HAVE_STDLIB_H 1
| #define HAVE_REALLOC 1
| #define HAVE_ALLOCA_H 1
| #define HAVE_ALLOCA 1
| #define HAVE_LIBINTL_H 1
| /* end confdefs.h.  */
| #include <ncurses/curses.h>
configure:7326: result: no
configure:7326: checking for ncurses/curses.h
configure:7326: result: no
configure:7326: checking ncursesw/curses.h usability
configure:7326: gcc -c -g -O2  conftest.c >&5
conftest.c:59:29: fatal error: ncursesw/curses.h: No such file or directory
 #include <ncursesw/curses.h>
                             ^
compilation terminated.
configure:7326: $? = 1
configure: failed program was:
| /* confdefs.h */
| #define PACKAGE_NAME "crosstool-NG"
| #define PACKAGE_TARNAME "crosstool-ng"
| #define PACKAGE_VERSION "crosstool-ng-1.23.0-288-gadaa3a5-dirty"
| #define PACKAGE_STRING "crosstool-NG crosstool-ng-1.23.0-288-gadaa3a5-dirty"
| #define PACKAGE_BUGREPORT "crossgcc@sourceware.org"
| #define PACKAGE_URL ""
| #define STDC_HEADERS 1
| #define HAVE_SYS_TYPES_H 1
| #define HAVE_SYS_STAT_H 1
| #define HAVE_STDLIB_H 1
| #define HAVE_STRING_H 1
| #define HAVE_MEMORY_H 1
| #define HAVE_STRINGS_H 1
| #define HAVE_INTTYPES_H 1
| #define HAVE_STDINT_H 1
| #define HAVE_UNISTD_H 1
| #define HAVE_STDLIB_H 1
| #define HAVE_MALLOC 1
| #define HAVE_STDLIB_H 1
| #define HAVE_REALLOC 1
| #define HAVE_ALLOCA_H 1
| #define HAVE_ALLOCA 1
| #define HAVE_LIBINTL_H 1
| /* end confdefs.h.  */
| #include <stdio.h>
| #ifdef HAVE_SYS_TYPES_H
| # include <sys/types.h>
| #endif
| #ifdef HAVE_SYS_STAT_H
| # include <sys/stat.h>
| #endif
| #ifdef STDC_HEADERS
| # include <stdlib.h>
| # include <stddef.h>
| #else
| # ifdef HAVE_STDLIB_H
| #  include <stdlib.h>
| # endif
| #endif
| #ifdef HAVE_STRING_H
| # if !defined STDC_HEADERS && defined HAVE_MEMORY_H
| #  include <memory.h>
| # endif
| # include <string.h>
| #endif
| #ifdef HAVE_STRINGS_H
| # include <strings.h>
| #endif
| #ifdef HAVE_INTTYPES_H
| # include <inttypes.h>
| #endif
| #ifdef HAVE_STDINT_H
| # include <stdint.h>
| #endif
| #ifdef HAVE_UNISTD_H
| # include <unistd.h>
| #endif
| #include <ncursesw/curses.h>
configure:7326: result: no
configure:7326: checking ncursesw/curses.h presence
configure:7326: gcc -E  conftest.c
conftest.c:26:29: fatal error: ncursesw/curses.h: No such file or directory
 #include <ncursesw/curses.h>
                             ^
compilation terminated.
configure:7326: $? = 1
configure: failed program was:
| /* confdefs.h */
| #define PACKAGE_NAME "crosstool-NG"
| #define PACKAGE_TARNAME "crosstool-ng"
| #define PACKAGE_VERSION "crosstool-ng-1.23.0-288-gadaa3a5-dirty"
| #define PACKAGE_STRING "crosstool-NG crosstool-ng-1.23.0-288-gadaa3a5-dirty"
| #define PACKAGE_BUGREPORT "crossgcc@sourceware.org"
| #define PACKAGE_URL ""
| #define STDC_HEADERS 1
| #define HAVE_SYS_TYPES_H 1
| #define HAVE_SYS_STAT_H 1
| #define HAVE_STDLIB_H 1
| #define HAVE_STRING_H 1
| #define HAVE_MEMORY_H 1
| #define HAVE_STRINGS_H 1
| #define HAVE_INTTYPES_H 1
| #define HAVE_STDINT_H 1
| #define HAVE_UNISTD_H 1
| #define HAVE_STDLIB_H 1
| #define HAVE_MALLOC 1
| #define HAVE_STDLIB_H 1
| #define HAVE_REALLOC 1
| #define HAVE_ALLOCA_H 1
| #define HAVE_ALLOCA 1
| #define HAVE_LIBINTL_H 1
| /* end confdefs.h.  */
| #include <ncursesw/curses.h>
configure:7326: result: no
configure:7326: checking for ncursesw/curses.h
configure:7326: result: no
configure:7326: checking ncurses.h usability
configure:7326: gcc -c -g -O2  conftest.c >&5
configure:7326: $? = 0
configure:7326: result: yes
configure:7326: checking ncurses.h presence
configure:7326: gcc -E  conftest.c
configure:7326: $? = 0
configure:7326: result: yes
configure:7326: checking for ncurses.h
configure:7326: result: yes
configure:7339: checking for library containing initscr
configure:7370: gcc -o conftest -g -O2   conftest.c  >&5
/tmp/cc8JUUaB.o: In function `main':
/crosstool-ng/conftest.c:38: undefined reference to `initscr'
collect2: error: ld returned 1 exit status
configure:7370: $? = 1
configure: failed program was:
| /* confdefs.h */
| #define PACKAGE_NAME "crosstool-NG"
| #define PACKAGE_TARNAME "crosstool-ng"
| #define PACKAGE_VERSION "crosstool-ng-1.23.0-288-gadaa3a5-dirty"
| #define PACKAGE_STRING "crosstool-NG crosstool-ng-1.23.0-288-gadaa3a5-dirty"
| #define PACKAGE_BUGREPORT "crossgcc@sourceware.org"
| #define PACKAGE_URL ""
| #define STDC_HEADERS 1
| #define HAVE_SYS_TYPES_H 1
| #define HAVE_SYS_STAT_H 1
| #define HAVE_STDLIB_H 1
| #define HAVE_STRING_H 1
| #define HAVE_MEMORY_H 1
| #define HAVE_STRINGS_H 1
| #define HAVE_INTTYPES_H 1
| #define HAVE_STDINT_H 1
| #define HAVE_UNISTD_H 1
| #define HAVE_STDLIB_H 1
| #define HAVE_MALLOC 1
| #define HAVE_STDLIB_H 1
| #define HAVE_REALLOC 1
| #define HAVE_ALLOCA_H 1
| #define HAVE_ALLOCA 1
| #define HAVE_LIBINTL_H 1
| #define HAVE_NCURSES_H 1
| /* end confdefs.h.  */
| 
| /* Override any GCC internal prototype to avoid an error.
|    Use char because int might match the return type of a GCC
|    builtin and then its argument prototype would still apply.  */
| #ifdef __cplusplus
| extern "C"
| #endif
| char initscr ();
| int
| main ()
| {
| return initscr ();
|   ;
|   return 0;
| }
configure:7370: gcc -o conftest -g -O2   conftest.c -lncursesw   >&5
/usr/bin/ld: cannot find -lncursesw
collect2: error: ld returned 1 exit status
configure:7370: $? = 1
configure: failed program was:
| /* confdefs.h */
| #define PACKAGE_NAME "crosstool-NG"
| #define PACKAGE_TARNAME "crosstool-ng"
| #define PACKAGE_VERSION "crosstool-ng-1.23.0-288-gadaa3a5-dirty"
| #define PACKAGE_STRING "crosstool-NG crosstool-ng-1.23.0-288-gadaa3a5-dirty"
| #define PACKAGE_BUGREPORT "crossgcc@sourceware.org"
| #define PACKAGE_URL ""
| #define STDC_HEADERS 1
| #define HAVE_SYS_TYPES_H 1
| #define HAVE_SYS_STAT_H 1
| #define HAVE_STDLIB_H 1
| #define HAVE_STRING_H 1
| #define HAVE_MEMORY_H 1
| #define HAVE_STRINGS_H 1
| #define HAVE_INTTYPES_H 1
| #define HAVE_STDINT_H 1
| #define HAVE_UNISTD_H 1
| #define HAVE_STDLIB_H 1
| #define HAVE_MALLOC 1
| #define HAVE_STDLIB_H 1
| #define HAVE_REALLOC 1
| #define HAVE_ALLOCA_H 1
| #define HAVE_ALLOCA 1
| #define HAVE_LIBINTL_H 1
| #define HAVE_NCURSES_H 1
| /* end confdefs.h.  */
| 
| /* Override any GCC internal prototype to avoid an error.
|    Use char because int might match the return type of a GCC
|    builtin and then its argument prototype would still apply.  */
| #ifdef __cplusplus
| extern "C"
| #endif
| char initscr ();
| int
| main ()
| {
| return initscr ();
|   ;
|   return 0;
| }
configure:7370: gcc -o conftest -g -O2   conftest.c -lncurses   >&5
configure:7370: $? = 0
configure:7387: result: -lncurses
configure:7398: checking for library containing tgetent
configure:7429: gcc -o conftest -g -O2   conftest.c -lncurses  >&5
configure:7429: $? = 0
configure:7446: result: none required
configure:7663: creating ./config.status

## ---------------------- ##
## Running config.status. ##
## ---------------------- ##

This file was extended by crosstool-NG config.status crosstool-ng-1.23.0-288-gadaa3a5-dirty, which was
generated by GNU Autoconf 2.69.  Invocation command line was

  CONFIG_FILES    = 
  CONFIG_HEADERS  = 
  CONFIG_LINKS    = 
  CONFIG_COMMANDS = 
  $ ./config.status 

on localhost

config.status:811: creating Makefile
config.status:811: creating kconfig/Makefile
config.status:811: creating config/configure.in

## ---------------- ##
## Cache variables. ##
## ---------------- ##

ac_cv_build=armv7l-unknown-linux-gnueabihf
ac_cv_c_compiler_gnu=yes
ac_cv_c_inline=inline
ac_cv_cxx_compiler_gnu=yes
ac_cv_env_AUTOCONF_set=
ac_cv_env_AUTOCONF_value=
ac_cv_env_AUTOMAKE_set=
ac_cv_env_AUTOMAKE_value=
ac_cv_env_AUTORECONF_set=
ac_cv_env_AUTORECONF_value=
ac_cv_env_AWK_set=
ac_cv_env_AWK_value=
ac_cv_env_BASH_SHELL_set=
ac_cv_env_BASH_SHELL_value=
ac_cv_env_CCC_set=
ac_cv_env_CCC_value=
ac_cv_env_CC_set=
ac_cv_env_CC_value=
ac_cv_env_CFLAGS_set=
ac_cv_env_CFLAGS_value=
ac_cv_env_CPPFLAGS_set=
ac_cv_env_CPPFLAGS_value=
ac_cv_env_CPP_set=
ac_cv_env_CPP_value=
ac_cv_env_CXXFLAGS_set=
ac_cv_env_CXXFLAGS_value=
ac_cv_env_CXX_set=
ac_cv_env_CXX_value=
ac_cv_env_EGREP_set=
ac_cv_env_EGREP_value=
ac_cv_env_GPERF_set=
ac_cv_env_GPERF_value=
ac_cv_env_GREP_set=
ac_cv_env_GREP_value=
ac_cv_env_INSTALL_set=
ac_cv_env_INSTALL_value=
ac_cv_env_LDFLAGS_set=
ac_cv_env_LDFLAGS_value=
ac_cv_env_LIBS_set=
ac_cv_env_LIBS_value=
ac_cv_env_LIBTOOLIZE_set=
ac_cv_env_LIBTOOLIZE_value=
ac_cv_env_LIBTOOL_set=
ac_cv_env_LIBTOOL_value=
ac_cv_env_M4_set=
ac_cv_env_M4_value=
ac_cv_env_MAKE_set=
ac_cv_env_MAKE_value=
ac_cv_env_OBJCOPY_set=
ac_cv_env_OBJCOPY_value=
ac_cv_env_OBJDUMP_set=
ac_cv_env_OBJDUMP_value=
ac_cv_env_PATCH_set=
ac_cv_env_PATCH_value=
ac_cv_env_READELF_set=
ac_cv_env_READELF_value=
ac_cv_env_SED_set=
ac_cv_env_SED_value=
ac_cv_env_build_alias_set=
ac_cv_env_build_alias_value=
ac_cv_env_host_alias_set=
ac_cv_env_host_alias_value=
ac_cv_env_target_alias_set=
ac_cv_env_target_alias_value=
ac_cv_func_alloca_works=yes
ac_cv_func_malloc_0_nonnull=yes
ac_cv_func_realloc_0_nonnull=yes
ac_cv_have_decl_gettext=yes
ac_cv_header_inttypes_h=yes
ac_cv_header_libintl_h=yes
ac_cv_header_memory_h=yes
ac_cv_header_ncurses_curses_h=no
ac_cv_header_ncurses_h=yes
ac_cv_header_ncurses_ncurses_h=no
ac_cv_header_ncursesw_curses_h=no
ac_cv_header_stdc=yes
ac_cv_header_stdint_h=yes
ac_cv_header_stdlib_h=yes
ac_cv_header_string_h=yes
ac_cv_header_strings_h=yes
ac_cv_header_sys_stat_h=yes
ac_cv_header_sys_types_h=yes
ac_cv_header_unistd_h=yes
ac_cv_host=armv7l-unknown-linux-gnueabihf
ac_cv_objext=o
ac_cv_path_AUTOCONF=/usr/bin/autoconf
ac_cv_path_AUTOMAKE=/usr/bin/automake
ac_cv_path_AUTORECONF=/usr/bin/autoreconf
ac_cv_path_AWK=/usr/bin/gawk
ac_cv_path_BASH_SHELL=/bin/bash
ac_cv_path_EGREP='/bin/grep -E'
ac_cv_path_GREP=/bin/grep
ac_cv_path_LIBTOOLIZE=/usr/bin/libtoolize
ac_cv_path_M4=/usr/bin/m4
ac_cv_path_MAKE=/usr/bin/make
ac_cv_path_SED=/bin/sed
ac_cv_path_install='/usr/bin/install -c'
ac_cv_prog_CPP='gcc -E'
ac_cv_prog_DPKG_BUILDFLAGS=dpkg-buildflags
ac_cv_prog_ac_ct_CC=gcc
ac_cv_prog_ac_ct_CXX=g++
ac_cv_prog_ac_ct_EGREP=egrep
ac_cv_prog_ac_ct_GPERF=gperf
ac_cv_prog_ac_ct_GREP=grep
ac_cv_prog_ac_ct_OBJCOPY=objcopy
ac_cv_prog_ac_ct_OBJDUMP=objdump
ac_cv_prog_ac_ct_PATCH=patch
ac_cv_prog_ac_ct_RANLIB=ranlib
ac_cv_prog_ac_ct_READELF=readelf
ac_cv_prog_bison=bison
ac_cv_prog_bzip2=bzip2
ac_cv_prog_cc_c89=
ac_cv_prog_cc_g=yes
ac_cv_prog_cut=cut
ac_cv_prog_cxx_g=yes
ac_cv_prog_flex=flex
ac_cv_prog_git=git
ac_cv_prog_gzip=gzip
ac_cv_prog_help2man=help2man
ac_cv_prog_makeinfo=makeinfo
ac_cv_prog_readlink=readlink
ac_cv_prog_stat=stat
ac_cv_prog_tar=tar
ac_cv_prog_wget=wget
ac_cv_prog_xz=xz
ac_cv_search_bindtextdomain='none required'
ac_cv_search_initscr=-lncurses
ac_cv_search_tgetent='none required'
ac_cv_type_size_t=yes
ac_cv_working_alloca_h=yes
acx_cv_cpu_count='getconf _NPROCESSORS_ONLN'
acx_cv_stat_flavor=GNU

## ----------------- ##
## Output variables. ##
## ----------------- ##

ALLOCA=''
AUTOCONF='/usr/bin/autoconf'
AUTOMAKE='/usr/bin/automake'
AUTORECONF='/usr/bin/autoreconf'
AWK='/usr/bin/gawk'
BASH_SHELL='/bin/bash'
CC='gcc'
CFLAGS='-g -O2'
CPP='gcc -E'
CPPFLAGS=''
CPU_COUNT='getconf _NPROCESSORS_ONLN'
CXX='g++'
CXXFLAGS='-g -O2'
DATE='20180109'
DEFS='-DPACKAGE_NAME=\"crosstool-NG\" -DPACKAGE_TARNAME=\"crosstool-ng\" -DPACKAGE_VERSION=\"crosstool-ng-1.23.0-288-gadaa3a5-dirty\" -DPACKAGE_STRING=\"crosstool-NG\ crosstool-ng-1.23.0-288-gadaa3a5-dirty\" -DPACKAGE_BUGREPORT=\"crossgcc@sourceware.org\" -DPACKAGE_URL=\"\" -DSTDC_HEADERS=1 -DHAVE_SYS_TYPES_H=1 -DHAVE_SYS_STAT_H=1 -DHAVE_STDLIB_H=1 -DHAVE_STRING_H=1 -DHAVE_MEMORY_H=1 -DHAVE_STRINGS_H=1 -DHAVE_INTTYPES_H=1 -DHAVE_STDINT_H=1 -DHAVE_UNISTD_H=1 -DHAVE_STDLIB_H=1 -DHAVE_MALLOC=1 -DHAVE_STDLIB_H=1 -DHAVE_REALLOC=1 -DHAVE_ALLOCA_H=1 -DHAVE_ALLOCA=1 -DHAVE_LIBINTL_H=1 -DHAVE_NCURSES_H=1'
DPKG_BUILDFLAGS='dpkg-buildflags'
ECHO_C=''
ECHO_N='-n'
ECHO_T=''
EGREP='/bin/grep -E'
EXEEXT=''
GPERF='/usr/bin/gperf'
GPERF_LEN_TYPE='size_t'
GREP='/bin/grep'
INSTALL='/usr/bin/install -c'
INSTALL_DATA='${INSTALL} -m 644'
INSTALL_PROGRAM='${INSTALL}'
INSTALL_SCRIPT='${INSTALL}'
INTL_LIBS=''
KCONFIG_=''
KCONFIG_autoconf_2_63_or_newer='def_bool y'
KCONFIG_automake_1_15_or_newer='bool'
KCONFIG_autoreconf_2_63_or_newer='def_bool y'
KCONFIG_curl='bool'
KCONFIG_cvs='bool'
KCONFIG_git='def_bool y'
KCONFIG_gnu_m4_1_4_12_or_newer='def_bool y'
KCONFIG_libtool_2_4_or_newer='bool'
KCONFIG_libtoolize_2_4_or_newer='def_bool y'
KCONFIG_make_3_81_or_newer='def_bool y'
KCONFIG_stat_flavor_BSD='bool'
KCONFIG_stat_flavor_GNU='def_bool y'
KCONFIG_static_link='def_bool y'
KCONFIG_svn='bool'
KCONFIG_wget='def_bool y'
LDFLAGS=''
LIBOBJS=''
LIBS='-lncurses '
LIBTOOL=''
LIBTOOLIZE='/usr/bin/libtoolize'
LN_S='ln -s'
LTLIBOBJS=''
M4='/usr/bin/m4'
MAKE='/usr/bin/make'
OBJCOPY='/usr/bin/objcopy'
OBJDUMP='/usr/bin/objdump'
OBJEXT='o'
PACKAGE_BUGREPORT='crossgcc@sourceware.org'
PACKAGE_NAME='crosstool-NG'
PACKAGE_STRING='crosstool-NG crosstool-ng-1.23.0-288-gadaa3a5-dirty'
PACKAGE_TARNAME='crosstool-ng'
PACKAGE_URL=''
PACKAGE_VERSION='crosstool-ng-1.23.0-288-gadaa3a5-dirty'
PATCH='/usr/bin/patch'
PATH_SEPARATOR=':'
RANLIB='ranlib'
READELF='/usr/bin/readelf'
SED='/bin/sed'
SHELL='/bin/bash'
ac_ct_CC='gcc'
ac_ct_CXX='g++'
ac_ct_EGREP='egrep'
ac_ct_GPERF='gperf'
ac_ct_GREP='grep'
ac_ct_OBJCOPY='objcopy'
ac_ct_OBJDUMP='objdump'
ac_ct_PATCH='patch'
ac_ct_READELF='readelf'
ac_ct_curses_hdr='ncurses.h'
bindir='${exec_prefix}/bin'
bison='bison'
build='armv7l-unknown-linux-gnueabihf'
build_alias=''
build_cpu='armv7l'
build_os='linux-gnueabihf'
build_vendor='unknown'
bzip2='bzip2'
curl=''
cut='cut'
cvs=''
datadir='${datarootdir}'
datarootdir='${prefix}/share'
docdir='${datarootdir}/doc/${PACKAGE_TARNAME}'
dvidir='${docdir}'
enable_local='no'
exec_prefix='${prefix}'
flex='flex'
gettext='y'
git='git'
gzip='gzip'
help2man='help2man'
host='armv7l-unknown-linux-gnueabihf'
host_alias=''
host_cpu='armv7l'
host_os='linux-gnueabihf'
host_vendor='unknown'
htmldir='${docdir}'
includedir='${prefix}/include'
infodir='${datarootdir}/info'
kconfig_options=''
libdir='${exec_prefix}/lib'
libexecdir='${exec_prefix}/libexec'
localedir='${datarootdir}/locale'
localstatedir='${prefix}/var'
makeinfo='makeinfo'
mandir='${datarootdir}/man'
oldincludedir='/usr/include'
pdfdir='${docdir}'
prefix='/usr/local'
program_transform_name='s,x,x,'
psdir='${docdir}'
readlink='readlink'
sbindir='${exec_prefix}/sbin'
sharedstatedir='${prefix}/com'
stat='stat'
subdocdir='/${VERSION}'
sublibdir='/${VERSION}'
svn=''
sysconfdir='${prefix}/etc'
tar='tar'
target_alias=''
wget='wget'
xz='xz'

## ----------- ##
## confdefs.h. ##
## ----------- ##

/* confdefs.h */
#define PACKAGE_NAME "crosstool-NG"
#define PACKAGE_TARNAME "crosstool-ng"
#define PACKAGE_VERSION "crosstool-ng-1.23.0-288-gadaa3a5-dirty"
#define PACKAGE_STRING "crosstool-NG crosstool-ng-1.23.0-288-gadaa3a5-dirty"
#define PACKAGE_BUGREPORT "crossgcc@sourceware.org"
#define PACKAGE_URL ""
#define STDC_HEADERS 1
#define HAVE_SYS_TYPES_H 1
#define HAVE_SYS_STAT_H 1
#define HAVE_STDLIB_H 1
#define HAVE_STRING_H 1
#define HAVE_MEMORY_H 1
#define HAVE_STRINGS_H 1
#define HAVE_INTTYPES_H 1
#define HAVE_STDINT_H 1
#define HAVE_UNISTD_H 1
#define HAVE_STDLIB_H 1
#define HAVE_MALLOC 1
#define HAVE_STDLIB_H 1
#define HAVE_REALLOC 1
#define HAVE_ALLOCA_H 1
#define HAVE_ALLOCA 1
#define HAVE_LIBINTL_H 1
#define HAVE_NCURSES_H 1

configure: exit 0
